  DataBase.cpp
  Server.cpp
  Student.cpp
B:\книги\универ\4 семестр\прога\решния\попытка 2\Server\Student.h(7,9): error C3646: name: неизвестный спецификатор переопределения
B:\книги\универ\4 семестр\прога\решния\попытка 2\Server\Student.h(7,13): error C4430: отсутствует спецификатор типа - предполагается int. Примечание. C++ не поддерживает int по умолчанию
B:\книги\универ\4 семестр\прога\решния\попытка 2\Server\Student.h(10,9): error C3646: info: неизвестный спецификатор переопределения
B:\книги\универ\4 семестр\прога\решния\попытка 2\Server\Student.h(10,13): error C4430: отсутствует спецификатор типа - предполагается int. Примечание. C++ не поддерживает int по умолчанию
B:\книги\универ\4 семестр\прога\решния\попытка 2\Server\Student.cpp(4,16): error C2146: синтаксическая ошибка: отсутствие ")" перед идентификатором "name_"
B:\книги\универ\4 семестр\прога\решния\попытка 2\Server\Student.cpp(4,16): error C2146: синтаксическая ошибка: отсутствие ";" перед идентификатором "name_"
B:\книги\универ\4 семестр\прога\решния\попытка 2\Server\Student.cpp(4,21): error C4430: отсутствует спецификатор типа - предполагается int. Примечание. C++ не поддерживает int по умолчанию
B:\книги\универ\4 семестр\прога\решния\попытка 2\Server\Student.cpp(4,23): error C2062: тип "int" не требуется
B:\книги\универ\4 семестр\прога\решния\попытка 2\Server\Student.cpp(4,63): error C2059: синтаксическая ошибка: )
B:\книги\универ\4 семестр\прога\решния\попытка 2\Server\Student.cpp(5,14): error C4430: отсутствует спецификатор типа - предполагается int. Примечание. C++ не поддерживает int по умолчанию
B:\книги\универ\4 семестр\прога\решния\попытка 2\Server\Student.cpp(5,23): error C2065: group_: необъявленный идентификатор
B:\книги\универ\4 семестр\прога\решния\попытка 2\Server\Student.cpp(5,29): error C4430: отсутствует спецификатор типа - предполагается int. Примечание. C++ не поддерживает int по умолчанию
B:\книги\универ\4 семестр\прога\решния\попытка 2\Server\Student.cpp(5,39): error C2065: rating_: необъявленный идентификатор
B:\книги\универ\4 семестр\прога\решния\попытка 2\Server\Student.cpp(5,46): error C4430: отсутствует спецификатор типа - предполагается int. Примечание. C++ не поддерживает int по умолчанию
B:\книги\универ\4 семестр\прога\решния\попытка 2\Server\Student.cpp(5,54): error C2065: info_: необъявленный идентификатор
B:\книги\универ\4 семестр\прога\решния\попытка 2\Server\Student.cpp(5,59): error C4430: отсутствует спецификатор типа - предполагается int. Примечание. C++ не поддерживает int по умолчанию
B:\книги\универ\4 семестр\прога\решния\попытка 2\Server\Student.cpp(6,1): error C2448: info: вероятно, инициализатор, использующий стиль функции, является определением функции
  Создание кода...
